<?xml version="1.0" encoding="UTF-8"?>
<!-- Generated by org.testng.reporters.JUnitXMLReporter -->
<testsuite ignored="0" hostname="DESKTOP-4ERO01U" failures="0" tests="3" name="Default test" time="55.382" errors="0" timestamp="2022-05-27T18:57:29 IST">
  <testcase classname="com.mohs10.test.MyAcc_ChangePassTest" name="ChangePassLhs" time="17.76"/>
  <testcase classname="com.mohs10.test.MyAcc_ChangePassTest" name="ChangePassRhs" time="16.871"/>
  <testcase classname="com.mohs10.test.MyAcc_ChangePassTest" name="ChangePassSiteMap" time="17.983"/>
</testsuite> <!-- Default test -->
